  { name: "bobrik/curator", tag: "5.4.0" },
  { name: "busybox", tag: "1.27.2" },
  { name: "dockerregistry.mylan.local", tag: "5000/fluentd-elasticsearch:v2.0.4" },
  { name: "docker.elastic.co/kibana/kibana-oss", tag: "6.2.2" },
  { name: "k8s.gcr.io/coredns", tag: "1.1.3" },
  { name: "k8s.gcr.io/elasticsearch", tag: "v5.6.4" },
  { name: "k8s.gcr.io/etcd-{{ HOST_ARCH }}", tag: "3.2.18" },
  { name: "k8s.gcr.io/fluentd-elasticsearch", tag: "v2.0.4" },
  { name: "k8s.gcr.io/heapster-{{ HOST_ARCH }}", tag: "v1.5.3" },
  { name: "k8s.gcr.io/heapster-grafana-{{ HOST_ARCH }}", tag: "v5.0.4" },
  { name: "k8s.gcr.io/heapster-influxdb-{{ HOST_ARCH }}", tag: "v1.5.2" },
  { name: "k8s.gcr.io/kube-apiserver-{{ HOST_ARCH }}", tag: "v1.11.0" },
  { name: "k8s.gcr.io/kube-controller-manager-{{ HOST_ARCH }}", tag: "v1.11.0" },
  { name: "k8s.gcr.io/kube-proxy-{{ HOST_ARCH }}", tag: "v1.11.0" },
  { name: "k8s.gcr.io/kube-scheduler-{{ HOST_ARCH }}", tag: "v1.11.0" },
  { name: "k8s.gcr.io/kubernetes-dashboard-{{ HOST_ARCH }}", tag: "v1.8.3" },
  { name: "k8s.gcr.io/pause-{{ HOST_ARCH }}", tag: "3.1" },
  { name: "k8s.gcr.io/pause", tag: "3.1" },
  { name: "quay.io/coreos/configmap-reload", tag: "v0.0.1" },
  { name: "quay.io/coreos/etcd-operator", tag: "v0.9.2" },
  { name: "quay.io/coreos/etcd", tag: "v3.2.18" },
  { name: "quay.io/coreos/prometheus-config-reloader", tag: "v0.22.1" },
  { name: "quay.io/coreos/prometheus-operator", tag: "v0.22.1" },
  { name: "quay.io/pires/docker-elasticsearch-kubernetes", tag: "6.2.3" },
  { name: "quay.io/prometheus/prometheus", tag: "v2.3.1" }
